<?xml version="1.0" encoding="UTF-8"?>
<!-- Generated by org.testng.reporters.JUnitReportReporter -->
<testsuite hostname="WINDOWS-IL9T34B" failures="0" tests="1" name="GaneshBorkar.NSE.Edelweiss" time="83.978" errors="0" timestamp="10 Jun 2020 20:19:24 GMT" skipped="0">
  <testcase classname="GaneshBorkar.NSE.Edelweiss" name="NSE_Option_chain" time="83.978"/>
</testsuite> <!-- GaneshBorkar.NSE.Edelweiss -->
